INFO  | 2024-02-26 00:54:15 | [main] test.UserTests (UserTests.java:50) - ************* Creating User *****************
INFO  | 2024-02-26 00:54:21 | [main] test.UserTests (UserTests.java:56) - ************* User is Created *****************
INFO  | 2024-02-26 00:54:21 | [main] test.UserTests (UserTests.java:61) - ************* Reading User Info *****************
INFO  | 2024-02-26 00:54:22 | [main] test.UserTests (UserTests.java:67) - ************* User Info is Displayed *****************
INFO  | 2024-02-26 00:54:22 | [main] test.UserTests (UserTests.java:72) - ************* Updating User *****************
INFO  | 2024-02-26 00:54:24 | [main] test.UserTests (UserTests.java:87) - ************* User is Updated *****************
INFO  | 2024-02-26 00:54:24 | [main] test.UserTests (UserTests.java:92) - ************* Deleting User *****************
INFO  | 2024-02-26 00:54:24 | [main] test.UserTests (UserTests.java:97) - ************* User is Deleted *****************
INFO  | 2024-02-26 00:55:41 | [main] test.UserTests (UserTests.java:50) - ************* Creating User *****************
INFO  | 2024-02-26 00:55:45 | [main] test.UserTests (UserTests.java:56) - ************* User is Created *****************
INFO  | 2024-02-26 00:55:45 | [main] test.UserTests (UserTests.java:61) - ************* Reading User Info *****************
INFO  | 2024-02-26 00:55:46 | [main] test.UserTests (UserTests.java:67) - ************* User Info is Displayed *****************
INFO  | 2024-02-26 00:55:46 | [main] test.UserTests (UserTests.java:72) - ************* Updating User *****************
INFO  | 2024-02-26 00:55:48 | [main] test.UserTests (UserTests.java:87) - ************* User is Updated *****************
INFO  | 2024-02-26 00:55:48 | [main] test.UserTests (UserTests.java:92) - ************* Deleting User *****************
INFO  | 2024-02-26 00:55:49 | [main] test.UserTests (UserTests.java:97) - ************* User is Deleted *****************
DEBUG | 2024-02-28 19:30:12 | [main] test.UserTests2 (UserTests2.java:34) - Debugging...............
INFO  | 2024-02-28 19:30:12 | [main] test.UserTests2 (UserTests2.java:39) - ************* Creating User *****************
INFO  | 2024-02-28 19:30:12 | [main] test.UserTests2 (UserTests2.java:50) - ************* Reading User Info *****************
INFO  | 2024-02-28 19:30:12 | [main] test.UserTests2 (UserTests2.java:61) - ************* Updating User *****************
INFO  | 2024-02-28 19:30:12 | [main] test.UserTests2 (UserTests2.java:81) - ************* Deleting User *****************
DEBUG | 2024-02-28 19:30:44 | [main] test.UserTests2 (UserTests2.java:34) - Debugging...............
INFO  | 2024-02-28 19:30:44 | [main] test.UserTests2 (UserTests2.java:39) - ************* Creating User *****************
INFO  | 2024-02-28 19:30:44 | [main] test.UserTests2 (UserTests2.java:50) - ************* Reading User Info *****************
INFO  | 2024-02-28 19:30:44 | [main] test.UserTests2 (UserTests2.java:61) - ************* Updating User *****************
INFO  | 2024-02-28 19:30:44 | [main] test.UserTests2 (UserTests2.java:81) - ************* Deleting User *****************
DEBUG | 2024-02-28 19:31:27 | [main] test.UserTests2 (UserTests2.java:34) - Debugging...............
INFO  | 2024-02-28 19:31:27 | [main] test.UserTests2 (UserTests2.java:39) - ************* Creating User *****************
INFO  | 2024-02-28 19:31:27 | [main] test.UserTests2 (UserTests2.java:50) - ************* Reading User Info *****************
INFO  | 2024-02-28 19:31:27 | [main] test.UserTests2 (UserTests2.java:61) - ************* Updating User *****************
INFO  | 2024-02-28 19:31:27 | [main] test.UserTests2 (UserTests2.java:81) - ************* Deleting User *****************
DEBUG | 2024-02-28 19:33:34 | [main] test.UserTests2 (UserTests2.java:34) - Debugging...............
INFO  | 2024-02-28 19:33:34 | [main] test.UserTests2 (UserTests2.java:39) - ************* Creating User *****************
INFO  | 2024-02-28 19:33:34 | [main] test.UserTests2 (UserTests2.java:50) - ************* Reading User Info *****************
INFO  | 2024-02-28 19:33:34 | [main] test.UserTests2 (UserTests2.java:61) - ************* Updating User *****************
INFO  | 2024-02-28 19:33:34 | [main] test.UserTests2 (UserTests2.java:81) - ************* Deleting User *****************
DEBUG | 2024-02-28 19:33:48 | [main] test.UserTests2 (UserTests2.java:34) - Debugging...............
INFO  | 2024-02-28 19:33:48 | [main] test.UserTests2 (UserTests2.java:39) - ************* Creating User *****************
INFO  | 2024-02-28 19:33:48 | [main] test.UserTests2 (UserTests2.java:50) - ************* Reading User Info *****************
INFO  | 2024-02-28 19:33:48 | [main] test.UserTests2 (UserTests2.java:61) - ************* Updating User *****************
INFO  | 2024-02-28 19:33:48 | [main] test.UserTests2 (UserTests2.java:81) - ************* Deleting User *****************
DEBUG | 2024-02-28 19:34:38 | [main] test.UserTests2 (UserTests2.java:34) - Debugging...............
INFO  | 2024-02-28 19:34:38 | [main] test.UserTests2 (UserTests2.java:39) - ************* Creating User *****************
INFO  | 2024-02-28 19:34:38 | [main] test.UserTests2 (UserTests2.java:50) - ************* Reading User Info *****************
INFO  | 2024-02-28 19:34:38 | [main] test.UserTests2 (UserTests2.java:61) - ************* Updating User *****************
INFO  | 2024-02-28 19:34:38 | [main] test.UserTests2 (UserTests2.java:81) - ************* Deleting User *****************
DEBUG | 2024-02-28 19:35:29 | [main] test.UserTests2 (UserTests2.java:34) - Debugging...............
INFO  | 2024-02-28 19:35:29 | [main] test.UserTests2 (UserTests2.java:39) - ************* Creating User *****************
INFO  | 2024-02-28 19:35:29 | [main] test.UserTests2 (UserTests2.java:50) - ************* Reading User Info *****************
INFO  | 2024-02-28 19:35:29 | [main] test.UserTests2 (UserTests2.java:61) - ************* Updating User *****************
INFO  | 2024-02-28 19:35:29 | [main] test.UserTests2 (UserTests2.java:81) - ************* Deleting User *****************
DEBUG | 2024-02-28 19:35:49 | [main] test.UserTests2 (UserTests2.java:34) - Debugging...............
INFO  | 2024-02-28 19:35:49 | [main] test.UserTests2 (UserTests2.java:39) - ************* Creating User *****************
INFO  | 2024-02-28 19:35:49 | [main] test.UserTests2 (UserTests2.java:50) - ************* Reading User Info *****************
INFO  | 2024-02-28 19:35:49 | [main] test.UserTests2 (UserTests2.java:61) - ************* Updating User *****************
INFO  | 2024-02-28 19:35:49 | [main] test.UserTests2 (UserTests2.java:81) - ************* Deleting User *****************
DEBUG | 2024-02-28 19:36:44 | [main] test.UserTests2 (UserTests2.java:34) - Debugging...............
INFO  | 2024-02-28 19:36:44 | [main] test.UserTests2 (UserTests2.java:39) - ************* Creating User *****************
INFO  | 2024-02-28 19:36:45 | [main] test.UserTests2 (UserTests2.java:50) - ************* Reading User Info *****************
INFO  | 2024-02-28 19:36:45 | [main] test.UserTests2 (UserTests2.java:61) - ************* Updating User *****************
INFO  | 2024-02-28 19:36:45 | [main] test.UserTests2 (UserTests2.java:81) - ************* Deleting User *****************
DEBUG | 2024-02-28 19:37:12 | [main] test.UserTests2 (UserTests2.java:34) - Debugging...............
INFO  | 2024-02-28 19:37:12 | [main] test.UserTests2 (UserTests2.java:39) - ************* Creating User *****************
INFO  | 2024-02-28 19:37:12 | [main] test.UserTests2 (UserTests2.java:50) - ************* Reading User Info *****************
INFO  | 2024-02-28 19:37:12 | [main] test.UserTests2 (UserTests2.java:61) - ************* Updating User *****************
INFO  | 2024-02-28 19:37:12 | [main] test.UserTests2 (UserTests2.java:81) - ************* Deleting User *****************
DEBUG | 2024-02-28 19:37:44 | [main] test.UserTests2 (UserTests2.java:34) - Debugging...............
INFO  | 2024-02-28 19:37:44 | [main] test.UserTests2 (UserTests2.java:39) - ************* Creating User *****************
INFO  | 2024-02-28 19:37:44 | [main] test.UserTests2 (UserTests2.java:50) - ************* Reading User Info *****************
INFO  | 2024-02-28 19:37:44 | [main] test.UserTests2 (UserTests2.java:61) - ************* Updating User *****************
INFO  | 2024-02-28 19:37:44 | [main] test.UserTests2 (UserTests2.java:81) - ************* Deleting User *****************
DEBUG | 2024-02-28 19:40:42 | [main] test.UserTests2 (UserTests2.java:34) - Debugging...............
INFO  | 2024-02-28 19:40:42 | [main] test.UserTests2 (UserTests2.java:39) - ************* Creating User *****************
INFO  | 2024-02-28 19:40:42 | [main] test.UserTests2 (UserTests2.java:50) - ************* Reading User Info *****************
INFO  | 2024-02-28 19:40:42 | [main] test.UserTests2 (UserTests2.java:61) - ************* Updating User *****************
INFO  | 2024-02-28 19:40:42 | [main] test.UserTests2 (UserTests2.java:81) - ************* Deleting User *****************
DEBUG | 2024-02-28 19:41:09 | [main] test.UserTests2 (UserTests2.java:34) - Debugging...............
INFO  | 2024-02-28 19:41:09 | [main] test.UserTests2 (UserTests2.java:39) - ************* Creating User *****************
INFO  | 2024-02-28 19:41:09 | [main] test.UserTests2 (UserTests2.java:50) - ************* Reading User Info *****************
INFO  | 2024-02-28 19:41:09 | [main] test.UserTests2 (UserTests2.java:61) - ************* Updating User *****************
INFO  | 2024-02-28 19:41:09 | [main] test.UserTests2 (UserTests2.java:81) - ************* Deleting User *****************
DEBUG | 2024-02-28 19:43:04 | [main] test.UserTests2 (UserTests2.java:34) - Debugging...............
INFO  | 2024-02-28 19:43:04 | [main] test.UserTests2 (UserTests2.java:39) - ************* Creating User *****************
INFO  | 2024-02-28 19:43:04 | [main] test.UserTests2 (UserTests2.java:50) - ************* Reading User Info *****************
INFO  | 2024-02-28 19:43:04 | [main] test.UserTests2 (UserTests2.java:61) - ************* Updating User *****************
INFO  | 2024-02-28 19:43:04 | [main] test.UserTests2 (UserTests2.java:81) - ************* Deleting User *****************
DEBUG | 2024-02-28 19:44:59 | [main] test.UserTests2 (UserTests2.java:34) - Debugging...............
INFO  | 2024-02-28 19:44:59 | [main] test.UserTests2 (UserTests2.java:39) - ************* Creating User *****************
INFO  | 2024-02-28 19:44:59 | [main] test.UserTests2 (UserTests2.java:50) - ************* Reading User Info *****************
INFO  | 2024-02-28 19:44:59 | [main] test.UserTests2 (UserTests2.java:61) - ************* Updating User *****************
INFO  | 2024-02-28 19:44:59 | [main] test.UserTests2 (UserTests2.java:81) - ************* Deleting User *****************
DEBUG | 2024-03-31 11:04:01 | [main] opc.PackageRelationshipCollection (PackageRelationshipCollection.java:309) - Parsing relationship: /xl/_rels/workbook.xml.rels
DEBUG | 2024-03-31 11:04:01 | [main] opc.PackageRelationshipCollection (PackageRelationshipCollection.java:309) - Parsing relationship: /xl/worksheets/_rels/sheet1.xml.rels
DEBUG | 2024-03-31 11:04:01 | [main] opc.PackageRelationshipCollection (PackageRelationshipCollection.java:309) - Parsing relationship: /_rels/.rels
DEBUG | 2024-03-31 11:04:02 | [main] opc.PackageRelationshipCollection (PackageRelationshipCollection.java:309) - Parsing relationship: /xl/_rels/workbook.xml.rels
DEBUG | 2024-03-31 11:04:02 | [main] opc.PackageRelationshipCollection (PackageRelationshipCollection.java:309) - Parsing relationship: /xl/worksheets/_rels/sheet1.xml.rels
DEBUG | 2024-03-31 11:04:02 | [main] opc.PackageRelationshipCollection (PackageRelationshipCollection.java:309) - Parsing relationship: /_rels/.rels
DEBUG | 2024-03-31 11:04:02 | [main] opc.PackageRelationshipCollection (PackageRelationshipCollection.java:309) - Parsing relationship: /xl/_rels/workbook.xml.rels
DEBUG | 2024-03-31 11:04:02 | [main] opc.PackageRelationshipCollection (PackageRelationshipCollection.java:309) - Parsing relationship: /xl/worksheets/_rels/sheet1.xml.rels
DEBUG | 2024-03-31 11:04:02 | [main] opc.PackageRelationshipCollection (PackageRelationshipCollection.java:309) - Parsing relationship: /_rels/.rels
DEBUG | 2024-03-31 11:04:02 | [main] opc.PackageRelationshipCollection (PackageRelationshipCollection.java:309) - Parsing relationship: /xl/_rels/workbook.xml.rels
DEBUG | 2024-03-31 11:04:02 | [main] opc.PackageRelationshipCollection (PackageRelationshipCollection.java:309) - Parsing relationship: /xl/worksheets/_rels/sheet1.xml.rels
DEBUG | 2024-03-31 11:04:02 | [main] opc.PackageRelationshipCollection (PackageRelationshipCollection.java:309) - Parsing relationship: /_rels/.rels
DEBUG | 2024-03-31 11:04:02 | [main] opc.PackageRelationshipCollection (PackageRelationshipCollection.java:309) - Parsing relationship: /xl/_rels/workbook.xml.rels
DEBUG | 2024-03-31 11:04:02 | [main] opc.PackageRelationshipCollection (PackageRelationshipCollection.java:309) - Parsing relationship: /xl/worksheets/_rels/sheet1.xml.rels
DEBUG | 2024-03-31 11:04:02 | [main] opc.PackageRelationshipCollection (PackageRelationshipCollection.java:309) - Parsing relationship: /_rels/.rels
DEBUG | 2024-03-31 11:04:02 | [main] opc.PackageRelationshipCollection (PackageRelationshipCollection.java:309) - Parsing relationship: /xl/_rels/workbook.xml.rels
DEBUG | 2024-03-31 11:04:02 | [main] opc.PackageRelationshipCollection (PackageRelationshipCollection.java:309) - Parsing relationship: /xl/worksheets/_rels/sheet1.xml.rels
DEBUG | 2024-03-31 11:04:02 | [main] opc.PackageRelationshipCollection (PackageRelationshipCollection.java:309) - Parsing relationship: /_rels/.rels
DEBUG | 2024-03-31 11:04:02 | [main] opc.PackageRelationshipCollection (PackageRelationshipCollection.java:309) - Parsing relationship: /xl/_rels/workbook.xml.rels
DEBUG | 2024-03-31 11:04:02 | [main] opc.PackageRelationshipCollection (PackageRelationshipCollection.java:309) - Parsing relationship: /xl/worksheets/_rels/sheet1.xml.rels
DEBUG | 2024-03-31 11:04:02 | [main] opc.PackageRelationshipCollection (PackageRelationshipCollection.java:309) - Parsing relationship: /_rels/.rels
DEBUG | 2024-03-31 11:04:02 | [main] opc.PackageRelationshipCollection (PackageRelationshipCollection.java:309) - Parsing relationship: /xl/_rels/workbook.xml.rels
DEBUG | 2024-03-31 11:04:02 | [main] opc.PackageRelationshipCollection (PackageRelationshipCollection.java:309) - Parsing relationship: /xl/worksheets/_rels/sheet1.xml.rels
DEBUG | 2024-03-31 11:04:02 | [main] opc.PackageRelationshipCollection (PackageRelationshipCollection.java:309) - Parsing relationship: /_rels/.rels
DEBUG | 2024-03-31 11:04:02 | [main] opc.PackageRelationshipCollection (PackageRelationshipCollection.java:309) - Parsing relationship: /xl/_rels/workbook.xml.rels
DEBUG | 2024-03-31 11:04:02 | [main] opc.PackageRelationshipCollection (PackageRelationshipCollection.java:309) - Parsing relationship: /xl/worksheets/_rels/sheet1.xml.rels
DEBUG | 2024-03-31 11:04:02 | [main] opc.PackageRelationshipCollection (PackageRelationshipCollection.java:309) - Parsing relationship: /_rels/.rels
DEBUG | 2024-03-31 11:04:02 | [main] opc.PackageRelationshipCollection (PackageRelationshipCollection.java:309) - Parsing relationship: /xl/_rels/workbook.xml.rels
DEBUG | 2024-03-31 11:04:02 | [main] opc.PackageRelationshipCollection (PackageRelationshipCollection.java:309) - Parsing relationship: /xl/worksheets/_rels/sheet1.xml.rels
DEBUG | 2024-03-31 11:04:02 | [main] opc.PackageRelationshipCollection (PackageRelationshipCollection.java:309) - Parsing relationship: /_rels/.rels
DEBUG | 2024-03-31 11:04:02 | [main] opc.PackageRelationshipCollection (PackageRelationshipCollection.java:309) - Parsing relationship: /xl/_rels/workbook.xml.rels
DEBUG | 2024-03-31 11:04:02 | [main] opc.PackageRelationshipCollection (PackageRelationshipCollection.java:309) - Parsing relationship: /xl/worksheets/_rels/sheet1.xml.rels
DEBUG | 2024-03-31 11:04:02 | [main] opc.PackageRelationshipCollection (PackageRelationshipCollection.java:309) - Parsing relationship: /_rels/.rels
DEBUG | 2024-03-31 11:04:03 | [main] opc.PackageRelationshipCollection (PackageRelationshipCollection.java:309) - Parsing relationship: /xl/_rels/workbook.xml.rels
DEBUG | 2024-03-31 11:04:03 | [main] opc.PackageRelationshipCollection (PackageRelationshipCollection.java:309) - Parsing relationship: /xl/worksheets/_rels/sheet1.xml.rels
DEBUG | 2024-03-31 11:04:03 | [main] opc.PackageRelationshipCollection (PackageRelationshipCollection.java:309) - Parsing relationship: /_rels/.rels
DEBUG | 2024-03-31 11:04:03 | [main] opc.PackageRelationshipCollection (PackageRelationshipCollection.java:309) - Parsing relationship: /xl/_rels/workbook.xml.rels
DEBUG | 2024-03-31 11:04:03 | [main] opc.PackageRelationshipCollection (PackageRelationshipCollection.java:309) - Parsing relationship: /xl/worksheets/_rels/sheet1.xml.rels
DEBUG | 2024-03-31 11:04:03 | [main] opc.PackageRelationshipCollection (PackageRelationshipCollection.java:309) - Parsing relationship: /_rels/.rels
DEBUG | 2024-03-31 11:04:03 | [main] opc.PackageRelationshipCollection (PackageRelationshipCollection.java:309) - Parsing relationship: /xl/_rels/workbook.xml.rels
DEBUG | 2024-03-31 11:04:03 | [main] opc.PackageRelationshipCollection (PackageRelationshipCollection.java:309) - Parsing relationship: /xl/worksheets/_rels/sheet1.xml.rels
DEBUG | 2024-03-31 11:04:03 | [main] opc.PackageRelationshipCollection (PackageRelationshipCollection.java:309) - Parsing relationship: /_rels/.rels
DEBUG | 2024-03-31 11:04:03 | [main] opc.PackageRelationshipCollection (PackageRelationshipCollection.java:309) - Parsing relationship: /xl/_rels/workbook.xml.rels
DEBUG | 2024-03-31 11:04:03 | [main] opc.PackageRelationshipCollection (PackageRelationshipCollection.java:309) - Parsing relationship: /xl/worksheets/_rels/sheet1.xml.rels
DEBUG | 2024-03-31 11:04:03 | [main] opc.PackageRelationshipCollection (PackageRelationshipCollection.java:309) - Parsing relationship: /_rels/.rels
DEBUG | 2024-03-31 11:04:03 | [main] opc.PackageRelationshipCollection (PackageRelationshipCollection.java:309) - Parsing relationship: /xl/_rels/workbook.xml.rels
DEBUG | 2024-03-31 11:04:03 | [main] opc.PackageRelationshipCollection (PackageRelationshipCollection.java:309) - Parsing relationship: /xl/worksheets/_rels/sheet1.xml.rels
DEBUG | 2024-03-31 11:04:03 | [main] opc.PackageRelationshipCollection (PackageRelationshipCollection.java:309) - Parsing relationship: /_rels/.rels
DEBUG | 2024-03-31 11:04:03 | [main] opc.PackageRelationshipCollection (PackageRelationshipCollection.java:309) - Parsing relationship: /xl/_rels/workbook.xml.rels
DEBUG | 2024-03-31 11:04:03 | [main] opc.PackageRelationshipCollection (PackageRelationshipCollection.java:309) - Parsing relationship: /xl/worksheets/_rels/sheet1.xml.rels
DEBUG | 2024-03-31 11:04:03 | [main] opc.PackageRelationshipCollection (PackageRelationshipCollection.java:309) - Parsing relationship: /_rels/.rels
DEBUG | 2024-03-31 11:04:03 | [main] opc.PackageRelationshipCollection (PackageRelationshipCollection.java:309) - Parsing relationship: /xl/_rels/workbook.xml.rels
DEBUG | 2024-03-31 11:04:03 | [main] opc.PackageRelationshipCollection (PackageRelationshipCollection.java:309) - Parsing relationship: /xl/worksheets/_rels/sheet1.xml.rels
DEBUG | 2024-03-31 11:04:03 | [main] opc.PackageRelationshipCollection (PackageRelationshipCollection.java:309) - Parsing relationship: /_rels/.rels
DEBUG | 2024-03-31 11:04:03 | [main] opc.PackageRelationshipCollection (PackageRelationshipCollection.java:309) - Parsing relationship: /xl/_rels/workbook.xml.rels
DEBUG | 2024-03-31 11:04:03 | [main] opc.PackageRelationshipCollection (PackageRelationshipCollection.java:309) - Parsing relationship: /xl/worksheets/_rels/sheet1.xml.rels
DEBUG | 2024-03-31 11:04:03 | [main] opc.PackageRelationshipCollection (PackageRelationshipCollection.java:309) - Parsing relationship: /_rels/.rels
DEBUG | 2024-03-31 11:04:03 | [main] opc.PackageRelationshipCollection (PackageRelationshipCollection.java:309) - Parsing relationship: /xl/_rels/workbook.xml.rels
DEBUG | 2024-03-31 11:04:03 | [main] opc.PackageRelationshipCollection (PackageRelationshipCollection.java:309) - Parsing relationship: /xl/worksheets/_rels/sheet1.xml.rels
DEBUG | 2024-03-31 11:04:03 | [main] opc.PackageRelationshipCollection (PackageRelationshipCollection.java:309) - Parsing relationship: /_rels/.rels
DEBUG | 2024-03-31 11:04:03 | [main] opc.PackageRelationshipCollection (PackageRelationshipCollection.java:309) - Parsing relationship: /xl/_rels/workbook.xml.rels
DEBUG | 2024-03-31 11:04:03 | [main] opc.PackageRelationshipCollection (PackageRelationshipCollection.java:309) - Parsing relationship: /xl/worksheets/_rels/sheet1.xml.rels
DEBUG | 2024-03-31 11:04:03 | [main] opc.PackageRelationshipCollection (PackageRelationshipCollection.java:309) - Parsing relationship: /_rels/.rels
DEBUG | 2024-03-31 11:04:03 | [main] opc.PackageRelationshipCollection (PackageRelationshipCollection.java:309) - Parsing relationship: /xl/_rels/workbook.xml.rels
DEBUG | 2024-03-31 11:04:03 | [main] opc.PackageRelationshipCollection (PackageRelationshipCollection.java:309) - Parsing relationship: /xl/worksheets/_rels/sheet1.xml.rels
DEBUG | 2024-03-31 11:04:03 | [main] opc.PackageRelationshipCollection (PackageRelationshipCollection.java:309) - Parsing relationship: /_rels/.rels
DEBUG | 2024-03-31 11:04:03 | [main] opc.PackageRelationshipCollection (PackageRelationshipCollection.java:309) - Parsing relationship: /xl/_rels/workbook.xml.rels
DEBUG | 2024-03-31 11:04:03 | [main] opc.PackageRelationshipCollection (PackageRelationshipCollection.java:309) - Parsing relationship: /xl/worksheets/_rels/sheet1.xml.rels
DEBUG | 2024-03-31 11:04:03 | [main] opc.PackageRelationshipCollection (PackageRelationshipCollection.java:309) - Parsing relationship: /_rels/.rels
DEBUG | 2024-03-31 11:04:11 | [main] opc.PackageRelationshipCollection (PackageRelationshipCollection.java:309) - Parsing relationship: /xl/_rels/workbook.xml.rels
DEBUG | 2024-03-31 11:04:11 | [main] opc.PackageRelationshipCollection (PackageRelationshipCollection.java:309) - Parsing relationship: /xl/worksheets/_rels/sheet1.xml.rels
DEBUG | 2024-03-31 11:04:11 | [main] opc.PackageRelationshipCollection (PackageRelationshipCollection.java:309) - Parsing relationship: /_rels/.rels
DEBUG | 2024-03-31 11:04:11 | [main] opc.PackageRelationshipCollection (PackageRelationshipCollection.java:309) - Parsing relationship: /xl/_rels/workbook.xml.rels
DEBUG | 2024-03-31 11:04:11 | [main] opc.PackageRelationshipCollection (PackageRelationshipCollection.java:309) - Parsing relationship: /xl/worksheets/_rels/sheet1.xml.rels
DEBUG | 2024-03-31 11:04:11 | [main] opc.PackageRelationshipCollection (PackageRelationshipCollection.java:309) - Parsing relationship: /_rels/.rels
DEBUG | 2024-03-31 11:04:12 | [main] opc.PackageRelationshipCollection (PackageRelationshipCollection.java:309) - Parsing relationship: /xl/_rels/workbook.xml.rels
DEBUG | 2024-03-31 11:04:12 | [main] opc.PackageRelationshipCollection (PackageRelationshipCollection.java:309) - Parsing relationship: /xl/worksheets/_rels/sheet1.xml.rels
DEBUG | 2024-03-31 11:04:12 | [main] opc.PackageRelationshipCollection (PackageRelationshipCollection.java:309) - Parsing relationship: /_rels/.rels
DEBUG | 2024-03-31 11:04:12 | [main] opc.PackageRelationshipCollection (PackageRelationshipCollection.java:309) - Parsing relationship: /xl/_rels/workbook.xml.rels
DEBUG | 2024-03-31 11:04:12 | [main] opc.PackageRelationshipCollection (PackageRelationshipCollection.java:309) - Parsing relationship: /xl/worksheets/_rels/sheet1.xml.rels
DEBUG | 2024-03-31 11:04:12 | [main] opc.PackageRelationshipCollection (PackageRelationshipCollection.java:309) - Parsing relationship: /_rels/.rels
